[0.018s] Invoking command in '/home/kabir/F1_labs/src/race3/build/race3': CMAKE_PREFIX_PATH=${CMAKE_PREFIX_PATH}:/home/kabir/F1_labs/install/f1tenth_gym_ros:/opt/ros/humble /usr/bin/cmake --build /home/kabir/F1_labs/src/race3/build/race3 -- -j8 -l8
[0.096s] [35m[1mConsolidate compiler generated dependencies of target race3[0m
[0.132s] [  0%] Built target ament_cmake_python_copy_race3
[0.139s] [ 50%] [32mBuilding CXX object CMakeFiles/race3.dir/src/race3.cpp.o[0m
[0.555s] running egg_info
[0.557s] writing race3.egg-info/PKG-INFO
[0.557s] writing dependency_links to race3.egg-info/dependency_links.txt
[0.557s] writing top-level names to race3.egg-info/top_level.txt
[0.561s] reading manifest file 'race3.egg-info/SOURCES.txt'
[0.561s] writing manifest file 'race3.egg-info/SOURCES.txt'
[0.617s] [ 50%] Built target ament_cmake_python_build_race3_egg
[4.291s] [01m[K/home/kabir/F1_labs/src/race3/src/race3.cpp:99:25:[m[K [01;31m[Kerror: [m[Kâ€˜[01m[KKDTree[m[Kâ€™ was not declared in this scope
[4.291s]    99 |         std::unique_ptr<[01;31m[KKDTree[m[K> kd_tree;
[4.292s]       |                         [01;31m[K^~~~~~[m[K
[4.292s] [01m[K/home/kabir/F1_labs/src/race3/src/race3.cpp:99:31:[m[K [01;31m[Kerror: [m[Ktemplate argument 1 is invalid
[4.292s]    99 |         std::unique_ptr<KDTree[01;31m[K>[m[K kd_tree;
[4.292s]       |                               [01;31m[K^[m[K
[4.292s] [01m[K/home/kabir/F1_labs/src/race3/src/race3.cpp:99:31:[m[K [01;31m[Kerror: [m[Ktemplate argument 2 is invalid
[4.293s] [01m[K/home/kabir/F1_labs/src/race3/src/race3.cpp:109:2:[m[K [01;31m[Kerror: [m[Kexpected â€˜[01m[K;[m[Kâ€™ after class definition
[4.293s]   109 | }
[4.293s]       |  [01;31m[K^[m[K
[4.293s]       |  [32m[K;[m[K
[4.298s] [01m[K/home/kabir/F1_labs/src/race3/src/race3.cpp:[m[K In constructor â€˜[01m[KPurePursuit::PurePursuit()[m[Kâ€™:
[4.298s] [01m[K/home/kabir/F1_labs/src/race3/src/race3.cpp:28:26:[m[K [01;31m[Kerror: [m[Kâ€˜[01m[KRace3[m[Kâ€™ was not declared in this scope
[4.298s]    28 |     PurePursuit() : Node([01;31m[KRace3[m[K),
[4.298s]       |                          [01;31m[K^~~~~[m[K
[4.309s] [01m[K/home/kabir/F1_labs/src/race3/src/race3.cpp:45:9:[m[K [01;31m[Kerror: [m[Kexpected â€˜[01m[K;[m[Kâ€™ before â€˜[01m[K}[m[Kâ€™ token
[4.309s]    45 |         [01;31m[K}[m[K else{
[4.309s]       |         [01;31m[K^[m[K
[4.311s] [01m[K/home/kabir/F1_labs/src/race3/src/race3.cpp:50:9:[m[K [01;31m[Kerror: [m[Kexpected â€˜[01m[K;[m[Kâ€™ before â€˜[01m[K}[m[Kâ€™ token
[4.311s]    50 |         [01;31m[K}[m[K
[4.311s]       |         [01;31m[K^[m[K
[4.318s] [01m[K/home/kabir/F1_labs/src/race3/src/race3.cpp:59:36:[m[K [01;31m[Kerror: [m[Kâ€˜[01m[KKDTree[m[Kâ€™ was not declared in this scope
[4.318s]    59 |         kd_tree = std::make_unique<[01;31m[KKDTree[m[K>(2, kd_tree_adaptor, nanoflann::KDTreeSingleIndexAdaptorParams(10));
[4.318s]       |                                    [01;31m[K^~~~~~[m[K
[4.319s] [01m[K/home/kabir/F1_labs/src/race3/src/race3.cpp:59:43:[m[K [01;31m[Kerror: [m[Kno matching function for call to â€˜[01m[Kmake_unique<<expression error> >(int, PurePursuit::KDTreeAdaptor&, nanoflann::KDTreeSingleIndexAdaptorParams)[m[Kâ€™
[4.319s]    59 |         kd_tree = [01;31m[Kstd::make_unique<KDTree>(2, kd_tree_adaptor, nanoflann::KDTreeSingleIndexAdaptorParams(10))[m[K;
[4.320s]       |                   [01;31m[K~~~~~~~~~~~~~~~~~~~~~~~~^~~~~~~~~~~~~~~~~~~~~~~~~~~~~~~~~~~~~~~~~~~~~~~~~~~~~~~~~~~~~~~~~~~[m[K
[4.320s] In file included from [01m[K/usr/include/c++/11/memory:76[m[K,
[4.320s]                  from [01m[K/home/kabir/F1_labs/src/race3/src/race3.cpp:1[m[K:
[4.320s] [01m[K/usr/include/c++/11/bits/unique_ptr.h:961:5:[m[K [01;36m[Knote: [m[Kcandidate: â€˜[01m[Ktemplate<class _Tp, class ... _Args> typename std::_MakeUniq<_Tp>::__single_object std::make_unique(_Args&& ...)[m[Kâ€™
[4.321s]   961 |     [01;36m[Kmake_unique[m[K(_Args&&... __args)
[4.321s]       |     [01;36m[K^~~~~~~~~~~[m[K
[4.321s] [01m[K/usr/include/c++/11/bits/unique_ptr.h:961:5:[m[K [01;36m[Knote: [m[K  template argument deduction/substitution failed:
[4.321s] [01m[K/home/kabir/F1_labs/src/race3/src/race3.cpp:59:43:[m[K [01;31m[Kerror: [m[Ktemplate argument 1 is invalid
[4.321s]    59 |         kd_tree = [01;31m[Kstd::make_unique<KDTree>(2, kd_tree_adaptor, nanoflann::KDTreeSingleIndexAdaptorParams(10))[m[K;
[4.322s]       |                   [01;31m[K~~~~~~~~~~~~~~~~~~~~~~~~^~~~~~~~~~~~~~~~~~~~~~~~~~~~~~~~~~~~~~~~~~~~~~~~~~~~~~~~~~~~~~~~~~~[m[K
[4.322s] In file included from [01m[K/usr/include/c++/11/memory:76[m[K,
[4.322s]                  from [01m[K/home/kabir/F1_labs/src/race3/src/race3.cpp:1[m[K:
[4.322s] [01m[K/usr/include/c++/11/bits/unique_ptr.h:967:5:[m[K [01;36m[Knote: [m[Kcandidate: â€˜[01m[Ktemplate<class _Tp> typename std::_MakeUniq<_Tp>::__array std::make_unique(std::size_t)[m[Kâ€™
[4.322s]   967 |     [01;36m[Kmake_unique[m[K(size_t __num)
[4.323s]       |     [01;36m[K^~~~~~~~~~~[m[K
[4.323s] [01m[K/usr/include/c++/11/bits/unique_ptr.h:967:5:[m[K [01;36m[Knote: [m[K  template argument deduction/substitution failed:
[4.323s] [01m[K/home/kabir/F1_labs/src/race3/src/race3.cpp:59:43:[m[K [01;31m[Kerror: [m[Ktemplate argument 1 is invalid
[4.323s]    59 |         kd_tree = [01;31m[Kstd::make_unique<KDTree>(2, kd_tree_adaptor, nanoflann::KDTreeSingleIndexAdaptorParams(10))[m[K;
[4.323s]       |                   [01;31m[K~~~~~~~~~~~~~~~~~~~~~~~~^~~~~~~~~~~~~~~~~~~~~~~~~~~~~~~~~~~~~~~~~~~~~~~~~~~~~~~~~~~~~~~~~~~[m[K
[4.324s] In file included from [01m[K/usr/include/c++/11/memory:76[m[K,
[4.324s]                  from [01m[K/home/kabir/F1_labs/src/race3/src/race3.cpp:1[m[K:
[4.324s] [01m[K/usr/include/c++/11/bits/unique_ptr.h:973:5:[m[K [01;36m[Knote: [m[Kcandidate: â€˜[01m[Ktemplate<class _Tp, class ... _Args> typename std::_MakeUniq<_Tp>::__invalid_type std::make_unique(_Args&& ...)[m[Kâ€™ (deleted)
[4.324s]   973 |     [01;36m[Kmake_unique[m[K(_Args&&...) = delete;
[4.324s]       |     [01;36m[K^~~~~~~~~~~[m[K
[4.324s] [01m[K/usr/include/c++/11/bits/unique_ptr.h:973:5:[m[K [01;36m[Knote: [m[K  template argument deduction/substitution failed:
[4.325s] [01m[K/home/kabir/F1_labs/src/race3/src/race3.cpp:59:43:[m[K [01;31m[Kerror: [m[Ktemplate argument 1 is invalid
[4.325s]    59 |         kd_tree = [01;31m[Kstd::make_unique<KDTree>(2, kd_tree_adaptor, nanoflann::KDTreeSingleIndexAdaptorParams(10))[m[K;
[4.325s]       |                   [01;31m[K~~~~~~~~~~~~~~~~~~~~~~~~^~~~~~~~~~~~~~~~~~~~~~~~~~~~~~~~~~~~~~~~~~~~~~~~~~~~~~~~~~~~~~~~~~~[m[K
[4.325s] [01m[K/home/kabir/F1_labs/src/race3/src/race3.cpp:60:16:[m[K [01;31m[Kerror: [m[Kbase operand of â€˜[01m[K->[m[Kâ€™ is not a pointer
[4.325s]    60 |         kd_tree[01;31m[K->[m[KbuildIndex();
[4.325s]       |                [01;31m[K^~[m[K
[4.354s] [01m[K/home/kabir/F1_labs/src/race3/src/race3.cpp:[m[K In member function â€˜[01m[Kvoid PurePursuit::loadWaypoints()[m[Kâ€™:
[4.354s] [01m[K/home/kabir/F1_labs/src/race3/src/race3.cpp:126:9:[m[K [01;31m[Kerror: [m[Kexpected â€˜[01m[K,[m[Kâ€™ or â€˜[01m[K;[m[Kâ€™ before â€˜[01m[Kstd[m[Kâ€™
[4.354s]   126 |         [01;31m[Kstd[m[K::string x_str, y_str;
[4.354s]       |         [01;31m[K^~~[m[K
[4.360s] [01m[K/home/kabir/F1_labs/src/race3/src/race3.cpp:127:26:[m[K [01;31m[Kerror: [m[Kâ€˜[01m[Kx_str[m[Kâ€™ was not declared in this scope
[4.361s]   127 |         std::getline(ss, [01;31m[Kx_str[m[K, ',');
[4.361s]       |                          [01;31m[K^~~~~[m[K
[4.367s] [01m[K/home/kabir/F1_labs/src/race3/src/race3.cpp:128:26:[m[K [01;31m[Kerror: [m[Kâ€˜[01m[Ky_str[m[Kâ€™ was not declared in this scope
[4.367s]   128 |         std::getline(ss, [01;31m[Ky_str[m[K, ',');
[4.367s]       |                          [01;31m[K^~~~~[m[K
[4.368s] [01m[K/home/kabir/F1_labs/src/race3/src/race3.cpp:[m[K At global scope:
[4.368s] [01m[K/home/kabir/F1_labs/src/race3/src/race3.cpp:142:6:[m[K [01;31m[Kerror: [m[Kâ€˜[01m[KPurePursuid[m[Kâ€™ has not been declared
[4.368s]   142 | void [01;31m[KPurePursuid[m[K::odom_callback(const nav_msgs::msg::Odometry::SharedPtr msg){
[4.369s]       |      [01;31m[K^~~~~~~~~~~[m[K
[4.378s] [01m[K/home/kabir/F1_labs/src/race3/src/race3.cpp:[m[K In function â€˜[01m[Kvoid odom_callback(nav_msgs::msg::Odometry_<std::allocator<void> >::SharedPtr)[m[Kâ€™:
[4.378s] [01m[K/home/kabir/F1_labs/src/race3/src/race3.cpp:144:9:[m[K [01;31m[Kerror: [m[Kâ€˜[01m[Kprocess_pose[m[Kâ€™ was not declared in this scope
[4.378s]   144 |         [01;31m[Kprocess_pose[m[K(msg->pose.pose.position.x, msg->pose.pose.position.y, msg->pose.pose.orientation);
[4.378s]       |         [01;31m[K^~~~~~~~~~~~[m[K
[4.379s] In file included from [01m[K/opt/ros/humble/include/rclcpp/rclcpp/client.hpp:40[m[K,
[4.379s]                  from [01m[K/opt/ros/humble/include/rclcpp/rclcpp/callback_group.hpp:24[m[K,
[4.379s]                  from [01m[K/opt/ros/humble/include/rclcpp/rclcpp/any_executable.hpp:20[m[K,
[4.379s]                  from [01m[K/opt/ros/humble/include/rclcpp/rclcpp/memory_strategy.hpp:25[m[K,
[4.379s]                  from [01m[K/opt/ros/humble/include/rclcpp/rclcpp/memory_strategies.hpp:18[m[K,
[4.380s]                  from [01m[K/opt/ros/humble/include/rclcpp/rclcpp/executor_options.hpp:20[m[K,
[4.380s]                  from [01m[K/opt/ros/humble/include/rclcpp/rclcpp/executor.hpp:37[m[K,
[4.380s]                  from [01m[K/opt/ros/humble/include/rclcpp/rclcpp/executors/multi_threaded_executor.hpp:25[m[K,
[4.380s]                  from [01m[K/opt/ros/humble/include/rclcpp/rclcpp/executors.hpp:21[m[K,
[4.380s]                  from [01m[K/opt/ros/humble/include/rclcpp/rclcpp/rclcpp.hpp:155[m[K,
[4.380s]                  from [01m[K/home/kabir/F1_labs/src/race3/src/race3.cpp:8[m[K:
[4.381s] [01m[K/home/kabir/F1_labs/src/race3/src/race3.cpp:146:22:[m[K [01;31m[Kerror: [m[Kinvalid use of â€˜[01m[Kthis[m[Kâ€™ in non-member function
[4.381s]   146 |         RCLCPP_ERROR([01;31m[Kthis[m[K->get_logger(), "Error in odom_callback: %s", e.what());
[4.381s]       |                      [01;31m[K^~~~[m[K
[4.381s] [01m[K/home/kabir/F1_labs/src/race3/src/race3.cpp:146:22:[m[K [01;31m[Kerror: [m[Kinvalid use of â€˜[01m[Kthis[m[Kâ€™ in non-member function
[4.381s] [01m[K/home/kabir/F1_labs/src/race3/src/race3.cpp:146:9:[m[K [01;31m[Kerror: [m[Ktemplate argument 1 is invalid
[4.381s]   146 |         [01;31m[KRCLCPP_ERROR[m[K(this->get_logger(), "Error in odom_callback: %s", e.what());
[4.381s]       |         [01;31m[K^~~~~~~~~~~~[m[K
[4.382s] [01m[K/home/kabir/F1_labs/src/race3/src/race3.cpp:146:9:[m[K [01;31m[Kerror: [m[Ktemplate argument 1 is invalid
[4.382s]   146 |         [01;31m[KRCLCPP_ERROR[m[K(this->get_logger(), "Error in odom_callback: %s", e.what());
[4.382s]       |         [01;31m[K^~~~~~~~~~~~[m[K
[4.382s] [01m[K/home/kabir/F1_labs/src/race3/src/race3.cpp:146:9:[m[K [01;31m[Kerror: [m[Ktemplate argument 1 is invalid
[4.382s]   146 |         [01;31m[KRCLCPP_ERROR[m[K(this->get_logger(), "Error in odom_callback: %s", e.what());
[4.383s]       |         [01;31m[K^~~~~~~~~~~~[m[K
[4.383s] In file included from [01m[K/opt/ros/humble/include/rclcpp/rclcpp/logging.hpp:24[m[K,
[4.383s]                  from [01m[K/opt/ros/humble/include/rclcpp/rclcpp/client.hpp:40[m[K,
[4.383s]                  from [01m[K/opt/ros/humble/include/rclcpp/rclcpp/callback_group.hpp:24[m[K,
[4.383s]                  from [01m[K/opt/ros/humble/include/rclcpp/rclcpp/any_executable.hpp:20[m[K,
[4.383s]                  from [01m[K/opt/ros/humble/include/rclcpp/rclcpp/memory_strategy.hpp:25[m[K,
[4.383s]                  from [01m[K/opt/ros/humble/include/rclcpp/rclcpp/memory_strategies.hpp:18[m[K,
[4.384s]                  from [01m[K/opt/ros/humble/include/rclcpp/rclcpp/executor_options.hpp:20[m[K,
[4.384s]                  from [01m[K/opt/ros/humble/include/rclcpp/rclcpp/executor.hpp:37[m[K,
[4.384s]                  from [01m[K/opt/ros/humble/include/rclcpp/rclcpp/executors/multi_threaded_executor.hpp:25[m[K,
[4.384s]                  from [01m[K/opt/ros/humble/include/rclcpp/rclcpp/executors.hpp:21[m[K,
[4.384s]                  from [01m[K/opt/ros/humble/include/rclcpp/rclcpp/rclcpp.hpp:155[m[K,
[4.384s]                  from [01m[K/home/kabir/F1_labs/src/race3/src/race3.cpp:8[m[K:
[4.385s] [01m[K/home/kabir/F1_labs/src/race3/src/race3.cpp:146:22:[m[K [01;31m[Kerror: [m[Kinvalid use of â€˜[01m[Kthis[m[Kâ€™ in non-member function
[4.385s]   146 |         RCLCPP_ERROR([01;31m[Kthis[m[K->get_logger(), "Error in odom_callback: %s", e.what());
[4.385s]       |                      [01;31m[K^~~~[m[K
[4.385s] [01m[K/home/kabir/F1_labs/src/race3/src/race3.cpp:146:22:[m[K [01;31m[Kerror: [m[Kinvalid use of â€˜[01m[Kthis[m[Kâ€™ in non-member function
[4.385s]   146 |         RCLCPP_ERROR([01;31m[Kthis[m[K->get_logger(), "Error in odom_callback: %s", e.what());
[4.385s]       |                      [01;31m[K^~~~[m[K
[4.422s] [01m[K/home/kabir/F1_labs/src/race3/src/race3.cpp:[m[K In member function â€˜[01m[Kvoid PurePursuit::process_pose(double, double, const Quaternion&)[m[Kâ€™:
[4.422s] [01m[K/home/kabir/F1_labs/src/race3/src/race3.cpp:177:16:[m[K [01;31m[Kerror: [m[Kbase operand of â€˜[01m[K->[m[Kâ€™ is not a pointer
[4.423s]   177 |         kd_tree[01;31m[K->[m[KknnSearch(query.data(), 1, &idx, &dist);
[4.423s]       |                [01;31m[K^~[m[K
[4.502s] [01m[K/home/kabir/F1_labs/src/race3/src/race3.cpp:233:44:[m[K [01;31m[Kerror: [m[Kqualified-id in declaration before â€˜[01m[K([m[Kâ€™ token
[4.503s]   233 | void PurePursuit::publish_waypoints_markers[01;31m[K([m[K) {
[4.503s]       |                                            [01;31m[K^[m[K
[4.503s] [01m[K/home/kabir/F1_labs/src/race3/src/race3.cpp:266:33:[m[K [01;31m[Kerror: [m[Ka function-definition is not allowed here before â€˜[01m[K{[m[Kâ€™ token
[4.503s]   266 | int main(int argc, char** argv) [01;31m[K{[m[K
[4.503s]       |                                 [01;31m[K^[m[K
[4.504s] [01m[K/home/kabir/F1_labs/src/race3/src/race3.cpp:276:2:[m[K [01;31m[Kerror: [m[Kexpected â€˜[01m[K}[m[Kâ€™ at end of input
[4.504s]   276 | }
[4.504s]       |  [01;31m[K^[m[K
[4.504s] [01m[K/home/kabir/F1_labs/src/race3/src/race3.cpp:158:103:[m[K [01;36m[Knote: [m[Kto match this â€˜[01m[K{[m[Kâ€™
[4.504s]   158 | ouble car_x, double car_y, const geometry_msgs::msg::Quaternion& quat)[01;36m[K{[m[K
[4.504s]       |                                                                       [01;36m[K^[m[K
[4.505s] 
[5.107s] In file included from [01m[K/usr/include/eigen3/Eigen/Core:164[m[K,
[5.108s]                  from [01m[K/usr/include/eigen3/Eigen/Dense:1[m[K,
[5.108s]                  from [01m[K/home/kabir/F1_labs/src/race3/src/race3.cpp:18[m[K:
[5.108s] /usr/include/eigen3/Eigen/src/Core/AssignEvaluator.h: In instantiation of â€˜[01m[Kvoid Eigen::internal::call_assignment_no_alias(Dst&, const Src&, const Func&) [with Dst = Eigen::Matrix<double, 4, 4>; Src = Eigen::Transpose<Eigen::Matrix<double, 3, 3> >; Func = Eigen::internal::assign_op<double, double>][m[Kâ€™:
[5.108s] [01m[K/usr/include/eigen3/Eigen/src/Core/PlainObjectBase.h:797:41:[m[K   required from â€˜[01m[KDerived& Eigen::PlainObjectBase<Derived>::_set_noalias(const Eigen::DenseBase<OtherDerived>&) [with OtherDerived = Eigen::Transpose<Eigen::Matrix<double, 3, 3> >; Derived = Eigen::Matrix<double, 4, 4>][m[Kâ€™
[5.108s] [01m[K/usr/include/eigen3/Eigen/src/Core/PlainObjectBase.h:594:19:[m[K   required from â€˜[01m[KEigen::PlainObjectBase<Derived>::PlainObjectBase(const Eigen::DenseBase<OtherDerived>&) [with OtherDerived = Eigen::Transpose<Eigen::Matrix<double, 3, 3> >; Derived = Eigen::Matrix<double, 4, 4>][m[Kâ€™
[5.109s] [01m[K/usr/include/eigen3/Eigen/src/Core/Matrix.h:423:29:[m[K   required from â€˜[01m[KEigen::Matrix<_Scalar, _Rows, _Cols, _Options, _MaxRows, _MaxCols>::Matrix(const Eigen::EigenBase<OtherDerived>&) [with OtherDerived = Eigen::Transpose<Eigen::Matrix<double, 3, 3> >; _Scalar = double; int _Rows = 4; int _Cols = 4; int _Options = 0; int _MaxRows = 4; int _MaxCols = 4][m[Kâ€™
[5.109s] [01m[K/home/kabir/F1_labs/src/race3/src/race3.cpp:168:71:[m[K   required from here
[5.109s] [01m[K/usr/include/eigen3/Eigen/src/Core/util/StaticAssert.h:177:5:[m[K [01;31m[Kerror: [m[Kstatic assertion failed: YOU_MIXED_MATRICES_OF_DIFFERENT_SIZES
[5.109s]   175 |      [01;31m[K( \[m[K
[5.109s]       |      [01;31m[K~~~[m[K
[5.110s]   176 | [01;31m[K        (int(Eigen::internal::size_of_xpr_at_compile_time<TYPE0>::ret)==0 && int(Eigen::internal::size_of_xpr_at_compile_time<TYPE1>::ret)==0) \[m[K
[5.110s]       |         [01;31m[K~~~~~~~~~~~~~~~~~~~~~~~~~~~~~~~~~~~~~~~~~~~~~~~~~~~~~~~~~~~~~~~~~~~~~~~~~~~~~~~~~~~~~~~~~~~~~~~~~~~~~~~~~~~~~~~~~~~~~~~~~~~~~~~~~~~~~~~~[m[K
[5.110s]   177 | [01;31m[K    || (\[m[K
[5.110s]       |     [01;31m[K^~~~~[m[K
[5.110s]   178 | [01;31m[K          (int(TYPE0::RowsAtCompileTime)==Eigen::Dynamic \[m[K
[5.110s]       |           [01;31m[K~~~~~~~~~~~~~~~~~~~~~~~~~~~~~~~~~~~~~~~~~~~~~~~~[m[K
[5.111s]   179 | [01;31m[K        || int(TYPE1::RowsAtCompileTime)==Eigen::Dynamic \[m[K
[5.111s]       |         [01;31m[K~~~~~~~~~~~~~~~~~~~~~~~~~~~~~~~~~~~~~~~~~~~~~~~~~~[m[K
[5.111s]   180 | [01;31m[K        || int(TYPE0::RowsAtCompileTime)==int(TYPE1::RowsAtCompileTime)) \[m[K
[5.111s]       |         [01;31m[K~~~~~~~~~~~~~~~~~~~~~~~~~~~~~~~~~~~~~~~~~~~~~~~~~~~~~~~~~~~~~~~~~~[m[K
[5.111s]   181 | [01;31m[K      &&  (int(TYPE0::ColsAtCompileTime)==Eigen::Dynamic \[m[K
[5.111s]       |       [01;31m[K~~~~~~~~~~~~~~~~~~~~~~~~~~~~~~~~~~~~~~~~~~~~~~~~~~~~[m[K
[5.112s]   182 | [01;31m[K        || int(TYPE1::ColsAtCompileTime)==Eigen::Dynamic \[m[K
[5.112s]       |         [01;31m[K~~~~~~~~~~~~~~~~~~~~~~~~~~~~~~~~~~~~~~~~~~~~~~~~~~[m[K
[5.112s]   183 | [01;31m[K        || int(TYPE0::ColsAtCompileTime)==int(TYPE1::ColsAtCompileTime))\[m[K
[5.112s]       |         [01;31m[K~~~~~~~~~~~~~~~~~~~~~~~~~~~~~~~~~~~~~~~~~~~~~~~~~~~~~~~~~~~~~~~~~[m[K
[5.112s]   184 | [01;31m[K       ) \[m[K
[5.113s]       |        [01;31m[K~~~[m[K
[5.113s]   185 | [01;31m[K     )[m[K
[5.113s]       |      [01;31m[K~[m[K
[5.113s] [01m[K/usr/include/eigen3/Eigen/src/Core/util/StaticAssert.h:33:54:[m[K [01;36m[Knote: [m[Kin definition of macro â€˜[01m[KEIGEN_STATIC_ASSERT[m[Kâ€™
[5.114s]    33 |     #define EIGEN_STATIC_ASSERT(X,MSG) static_assert([01;36m[KX[m[K,#MSG);
[5.114s]       |                                                      [01;36m[K^[m[K
[5.114s] [01m[K/usr/include/eigen3/Eigen/src/Core/util/StaticAssert.h:194:6:[m[K [01;36m[Knote: [m[Kin expansion of macro â€˜[01m[KEIGEN_PREDICATE_SAME_MATRIX_SIZE[m[Kâ€™
[5.114s]   194 |      [01;36m[KEIGEN_PREDICATE_SAME_MATRIX_SIZE[m[K(TYPE0,TYPE1),\
[5.114s]       |      [01;36m[K^~~~~~~~~~~~~~~~~~~~~~~~~~~~~~~~[m[K
[5.114s] [01m[K/usr/include/eigen3/Eigen/src/Core/AssignEvaluator.h:887:3:[m[K [01;36m[Knote: [m[Kin expansion of macro â€˜[01m[KEIGEN_STATIC_ASSERT_SAME_MATRIX_SIZE[m[Kâ€™
[5.115s]   887 |   [01;36m[KEIGEN_STATIC_ASSERT_SAME_MATRIX_SIZE[m[K(ActualDstTypeCleaned,Src)
[5.115s]       |   [01;36m[K^~~~~~~~~~~~~~~~~~~~~~~~~~~~~~~~~~~~[m[K
[5.115s] [01m[K/usr/include/eigen3/Eigen/src/Core/util/StaticAssert.h:177:5:[m[K [01;36m[Knote: [m[Kâ€˜[01m[K(((((int)Eigen::internal::size_of_xpr_at_compile_time<Eigen::Matrix<double, 4, 4> >::ret) == 0) && (((int)Eigen::internal::size_of_xpr_at_compile_time<Eigen::Transpose<Eigen::Matrix<double, 3, 3> > >::ret) == 0)) || ((((((int)Eigen::Matrix<double, 4, 4>::RowsAtCompileTime) == ((int)Eigen::Dynamic)) || (((int)Eigen::Transpose<Eigen::Matrix<double, 3, 3> >::RowsAtCompileTime) == ((int)Eigen::Dynamic))) || (((int)Eigen::Matrix<double, 4, 4>::RowsAtCompileTime) == ((int)Eigen::Transpose<Eigen::Matrix<double, 3, 3> >::RowsAtCompileTime))) && (((((int)Eigen::Matrix<double, 4, 4>::ColsAtCompileTime) == ((int)Eigen::Dynamic)) || (((int)Eigen::Transpose<Eigen::Matrix<double, 3, 3> >::ColsAtCompileTime) == ((int)Eigen::Dynamic))) || (((int)Eigen::Matrix<double, 4, 4>::ColsAtCompileTime) == ((int)Eigen::Transpose<Eigen::Matrix<double, 3, 3> >::ColsAtCompileTime)))))[m[Kâ€™ evaluates to false
[5.115s]   175 |      [01;36m[K( \[m[K
[5.115s]       |      [01;36m[K~~~[m[K
[5.115s]   176 | [01;36m[K        (int(Eigen::internal::size_of_xpr_at_compile_time<TYPE0>::ret)==0 && int(Eigen::internal::size_of_xpr_at_compile_time<TYPE1>::ret)==0) \[m[K
[5.116s]       |         [01;36m[K~~~~~~~~~~~~~~~~~~~~~~~~~~~~~~~~~~~~~~~~~~~~~~~~~~~~~~~~~~~~~~~~~~~~~~~~~~~~~~~~~~~~~~~~~~~~~~~~~~~~~~~~~~~~~~~~~~~~~~~~~~~~~~~~~~~~~~~~[m[K
[5.116s]   177 | [01;36m[K    || (\[m[K
[5.116s]       |     [01;36m[K^~~~~[m[K
[5.116s]   178 | [01;36m[K          (int(TYPE0::RowsAtCompileTime)==Eigen::Dynamic \[m[K
[5.116s]       |           [01;36m[K~~~~~~~~~~~~~~~~~~~~~~~~~~~~~~~~~~~~~~~~~~~~~~~~[m[K
[5.116s]   179 | [01;36m[K        || int(TYPE1::RowsAtCompileTime)==Eigen::Dynamic \[m[K
[5.116s]       |         [01;36m[K~~~~~~~~~~~~~~~~~~~~~~~~~~~~~~~~~~~~~~~~~~~~~~~~~~[m[K
[5.117s]   180 | [01;36m[K        || int(TYPE0::RowsAtCompileTime)==int(TYPE1::RowsAtCompileTime)) \[m[K
[5.117s]       |         [01;36m[K~~~~~~~~~~~~~~~~~~~~~~~~~~~~~~~~~~~~~~~~~~~~~~~~~~~~~~~~~~~~~~~~~~[m[K
[5.117s]   181 | [01;36m[K      &&  (int(TYPE0::ColsAtCompileTime)==Eigen::Dynamic \[m[K
[5.117s]       |       [01;36m[K~~~~~~~~~~~~~~~~~~~~~~~~~~~~~~~~~~~~~~~~~~~~~~~~~~~~[m[K
[5.117s]   182 | [01;36m[K        || int(TYPE1::ColsAtCompileTime)==Eigen::Dynamic \[m[K
[5.118s]       |         [01;36m[K~~~~~~~~~~~~~~~~~~~~~~~~~~~~~~~~~~~~~~~~~~~~~~~~~~[m[K
[5.118s]   183 | [01;36m[K        || int(TYPE0::ColsAtCompileTime)==int(TYPE1::ColsAtCompileTime))\[m[K
[5.118s]       |         [01;36m[K~~~~~~~~~~~~~~~~~~~~~~~~~~~~~~~~~~~~~~~~~~~~~~~~~~~~~~~~~~~~~~~~~[m[K
[5.118s]   184 | [01;36m[K       ) \[m[K
[5.118s]       |        [01;36m[K~~~[m[K
[5.118s]   185 | [01;36m[K     )[m[K
[5.118s]       |      [01;36m[K~[m[K
[5.119s] [01m[K/usr/include/eigen3/Eigen/src/Core/util/StaticAssert.h:33:54:[m[K [01;36m[Knote: [m[Kin definition of macro â€˜[01m[KEIGEN_STATIC_ASSERT[m[Kâ€™
[5.119s]    33 |     #define EIGEN_STATIC_ASSERT(X,MSG) static_assert([01;36m[KX[m[K,#MSG);
[5.119s]       |                                                      [01;36m[K^[m[K
[5.119s] [01m[K/usr/include/eigen3/Eigen/src/Core/util/StaticAssert.h:194:6:[m[K [01;36m[Knote: [m[Kin expansion of macro â€˜[01m[KEIGEN_PREDICATE_SAME_MATRIX_SIZE[m[Kâ€™
[5.119s]   194 |      [01;36m[KEIGEN_PREDICATE_SAME_MATRIX_SIZE[m[K(TYPE0,TYPE1),\
[5.119s]       |      [01;36m[K^~~~~~~~~~~~~~~~~~~~~~~~~~~~~~~~[m[K
[5.120s] [01m[K/usr/include/eigen3/Eigen/src/Core/AssignEvaluator.h:887:3:[m[K [01;36m[Knote: [m[Kin expansion of macro â€˜[01m[KEIGEN_STATIC_ASSERT_SAME_MATRIX_SIZE[m[Kâ€™
[5.120s]   887 |   [01;36m[KEIGEN_STATIC_ASSERT_SAME_MATRIX_SIZE[m[K(ActualDstTypeCleaned,Src)
[5.120s]       |   [01;36m[K^~~~~~~~~~~~~~~~~~~~~~~~~~~~~~~~~~~~[m[K
[5.120s] /usr/include/eigen3/Eigen/src/Core/AssignEvaluator.h: In instantiation of â€˜[01m[Kvoid Eigen::internal::call_assignment_no_alias(Dst&, const Src&, const Func&) [with Dst = Eigen::Block<Eigen::Matrix<double, 4, 4>, 3, 3, false>; Src = Eigen::Matrix<double, 4, 4>; Func = Eigen::internal::assign_op<double, double>][m[Kâ€™:
[5.120s] [01m[K/usr/include/eigen3/Eigen/src/Core/AssignEvaluator.h:858:27:[m[K   required from â€˜[01m[Kvoid Eigen::internal::call_assignment(Dst&, const Src&, const Func&, typename Eigen::internal::enable_if<(! Eigen::internal::evaluator_assume_aliasing<Src>::value), void*>::type) [with Dst = Eigen::Block<Eigen::Matrix<double, 4, 4>, 3, 3, false>; Src = Eigen::Matrix<double, 4, 4>; Func = Eigen::internal::assign_op<double, double>; typename Eigen::internal::enable_if<(! Eigen::internal::evaluator_assume_aliasing<Src>::value), void*>::type = void*; typename Eigen::internal::evaluator_traits<SrcXprType>::Shape = Eigen::DenseShape][m[Kâ€™
[5.121s] [01m[K/usr/include/eigen3/Eigen/src/Core/AssignEvaluator.h:836:18:[m[K   required from â€˜[01m[Kvoid Eigen::internal::call_assignment(Dst&, const Src&) [with Dst = Eigen::Block<Eigen::Matrix<double, 4, 4>, 3, 3, false>; Src = Eigen::Matrix<double, 4, 4>][m[Kâ€™
[5.121s] [01m[K/usr/include/eigen3/Eigen/src/Core/Assign.h:66:28:[m[K   required from â€˜[01m[KDerived& Eigen::MatrixBase<Derived>::operator=(const Eigen::DenseBase<OtherDerived>&) [with OtherDerived = Eigen::Matrix<double, 4, 4>; Derived = Eigen::Block<Eigen::Matrix<double, 4, 4>, 3, 3, false>][m[Kâ€™
[5.121s] [01m[K/home/kabir/F1_labs/src/race3/src/race3.cpp:208:25:[m[K   required from here
[5.121s] [01m[K/usr/include/eigen3/Eigen/src/Core/util/StaticAssert.h:177:5:[m[K [01;31m[Kerror: [m[Kstatic assertion failed: YOU_MIXED_MATRICES_OF_DIFFERENT_SIZES
[5.121s]   175 |      [01;31m[K( \[m[K
[5.121s]       |      [01;31m[K~~~[m[K
[5.122s]   176 | [01;31m[K        (int(Eigen::internal::size_of_xpr_at_compile_time<TYPE0>::ret)==0 && int(Eigen::internal::size_of_xpr_at_compile_time<TYPE1>::ret)==0) \[m[K
[5.122s]       |         [01;31m[K~~~~~~~~~~~~~~~~~~~~~~~~~~~~~~~~~~~~~~~~~~~~~~~~~~~~~~~~~~~~~~~~~~~~~~~~~~~~~~~~~~~~~~~~~~~~~~~~~~~~~~~~~~~~~~~~~~~~~~~~~~~~~~~~~~~~~~~~[m[K
[5.122s]   177 | [01;31m[K    || (\[m[K
[5.122s]       |     [01;31m[K^~~~~[m[K
[5.122s]   178 | [01;31m[K          (int(TYPE0::RowsAtCompileTime)==Eigen::Dynamic \[m[K
[5.122s]       |           [01;31m[K~~~~~~~~~~~~~~~~~~~~~~~~~~~~~~~~~~~~~~~~~~~~~~~~[m[K
[5.122s]   179 | [01;31m[K        || int(TYPE1::RowsAtCompileTime)==Eigen::Dynamic \[m[K
[5.123s]       |         [01;31m[K~~~~~~~~~~~~~~~~~~~~~~~~~~~~~~~~~~~~~~~~~~~~~~~~~~[m[K
[5.123s]   180 | [01;31m[K        || int(TYPE0::RowsAtCompileTime)==int(TYPE1::RowsAtCompileTime)) \[m[K
[5.123s]       |         [01;31m[K~~~~~~~~~~~~~~~~~~~~~~~~~~~~~~~~~~~~~~~~~~~~~~~~~~~~~~~~~~~~~~~~~~[m[K
[5.123s]   181 | [01;31m[K      &&  (int(TYPE0::ColsAtCompileTime)==Eigen::Dynamic \[m[K
[5.124s]       |       [01;31m[K~~~~~~~~~~~~~~~~~~~~~~~~~~~~~~~~~~~~~~~~~~~~~~~~~~~~[m[K
[5.124s]   182 | [01;31m[K        || int(TYPE1::ColsAtCompileTime)==Eigen::Dynamic \[m[K
[5.124s]       |         [01;31m[K~~~~~~~~~~~~~~~~~~~~~~~~~~~~~~~~~~~~~~~~~~~~~~~~~~[m[K
[5.124s]   183 | [01;31m[K        || int(TYPE0::ColsAtCompileTime)==int(TYPE1::ColsAtCompileTime))\[m[K
[5.124s]       |         [01;31m[K~~~~~~~~~~~~~~~~~~~~~~~~~~~~~~~~~~~~~~~~~~~~~~~~~~~~~~~~~~~~~~~~~[m[K
[5.124s]   184 | [01;31m[K       ) \[m[K
[5.125s]       |        [01;31m[K~~~[m[K
[5.125s]   185 | [01;31m[K     )[m[K
[5.125s]       |      [01;31m[K~[m[K
[5.125s] [01m[K/usr/include/eigen3/Eigen/src/Core/util/StaticAssert.h:33:54:[m[K [01;36m[Knote: [m[Kin definition of macro â€˜[01m[KEIGEN_STATIC_ASSERT[m[Kâ€™
[5.125s]    33 |     #define EIGEN_STATIC_ASSERT(X,MSG) static_assert([01;36m[KX[m[K,#MSG);
[5.125s]       |                                                      [01;36m[K^[m[K
[5.126s] [01m[K/usr/include/eigen3/Eigen/src/Core/util/StaticAssert.h:194:6:[m[K [01;36m[Knote: [m[Kin expansion of macro â€˜[01m[KEIGEN_PREDICATE_SAME_MATRIX_SIZE[m[Kâ€™
[5.126s]   194 |      [01;36m[KEIGEN_PREDICATE_SAME_MATRIX_SIZE[m[K(TYPE0,TYPE1),\
[5.126s]       |      [01;36m[K^~~~~~~~~~~~~~~~~~~~~~~~~~~~~~~~[m[K
[5.126s] [01m[K/usr/include/eigen3/Eigen/src/Core/AssignEvaluator.h:887:3:[m[K [01;36m[Knote: [m[Kin expansion of macro â€˜[01m[KEIGEN_STATIC_ASSERT_SAME_MATRIX_SIZE[m[Kâ€™
[5.126s]   887 |   [01;36m[KEIGEN_STATIC_ASSERT_SAME_MATRIX_SIZE[m[K(ActualDstTypeCleaned,Src)
[5.126s]       |   [01;36m[K^~~~~~~~~~~~~~~~~~~~~~~~~~~~~~~~~~~~[m[K
[5.127s] [01m[K/usr/include/eigen3/Eigen/src/Core/util/StaticAssert.h:177:5:[m[K [01;36m[Knote: [m[Kâ€˜[01m[K(((((int)Eigen::internal::size_of_xpr_at_compile_time<Eigen::Block<Eigen::Matrix<double, 4, 4>, 3, 3, false> >::ret) == 0) && (((int)Eigen::internal::size_of_xpr_at_compile_time<Eigen::Matrix<double, 4, 4> >::ret) == 0)) || ((((((int)Eigen::Block<Eigen::Matrix<double, 4, 4>, 3, 3, false>::RowsAtCompileTime) == ((int)Eigen::Dynamic)) || (((int)Eigen::Matrix<double, 4, 4>::RowsAtCompileTime) == ((int)Eigen::Dynamic))) || (((int)Eigen::Block<Eigen::Matrix<double, 4, 4>, 3, 3, false>::RowsAtCompileTime) == ((int)Eigen::Matrix<double, 4, 4>::RowsAtCompileTime))) && (((((int)Eigen::Block<Eigen::Matrix<double, 4, 4>, 3, 3, false>::ColsAtCompileTime) == ((int)Eigen::Dynamic)) || (((int)Eigen::Matrix<double, 4, 4>::ColsAtCompileTime) == ((int)Eigen::Dynamic))) || (((int)Eigen::Block<Eigen::Matrix<double, 4, 4>, 3, 3, false>::ColsAtCompileTime) == ((int)Eigen::Matrix<double, 4, 4>::ColsAtCompileTime)))))[m[Kâ€™ evaluates to false
[5.127s]   175 |      [01;36m[K( \[m[K
[5.127s]       |      [01;36m[K~~~[m[K
[5.127s]   176 | [01;36m[K        (int(Eigen::internal::size_of_xpr_at_compile_time<TYPE0>::ret)==0 && int(Eigen::internal::size_of_xpr_at_compile_time<TYPE1>::ret)==0) \[m[K
[5.127s]       |         [01;36m[K~~~~~~~~~~~~~~~~~~~~~~~~~~~~~~~~~~~~~~~~~~~~~~~~~~~~~~~~~~~~~~~~~~~~~~~~~~~~~~~~~~~~~~~~~~~~~~~~~~~~~~~~~~~~~~~~~~~~~~~~~~~~~~~~~~~~~~~~[m[K
[5.127s]   177 | [01;36m[K    || (\[m[K
[5.128s]       |     [01;36m[K^~~~~[m[K
[5.128s]   178 | [01;36m[K          (int(TYPE0::RowsAtCompileTime)==Eigen::Dynamic \[m[K
[5.128s]       |           [01;36m[K~~~~~~~~~~~~~~~~~~~~~~~~~~~~~~~~~~~~~~~~~~~~~~~~[m[K
[5.128s]   179 | [01;36m[K        || int(TYPE1::RowsAtCompileTime)==Eigen::Dynamic \[m[K
[5.128s]       |         [01;36m[K~~~~~~~~~~~~~~~~~~~~~~~~~~~~~~~~~~~~~~~~~~~~~~~~~~[m[K
[5.128s]   180 | [01;36m[K        || int(TYPE0::RowsAtCompileTime)==int(TYPE1::RowsAtCompileTime)) \[m[K
[5.129s]       |         [01;36m[K~~~~~~~~~~~~~~~~~~~~~~~~~~~~~~~~~~~~~~~~~~~~~~~~~~~~~~~~~~~~~~~~~~[m[K
[5.129s]   181 | [01;36m[K      &&  (int(TYPE0::ColsAtCompileTime)==Eigen::Dynamic \[m[K
[5.129s]       |       [01;36m[K~~~~~~~~~~~~~~~~~~~~~~~~~~~~~~~~~~~~~~~~~~~~~~~~~~~~[m[K
[5.129s]   182 | [01;36m[K        || int(TYPE1::ColsAtCompileTime)==Eigen::Dynamic \[m[K
[5.129s]       |         [01;36m[K~~~~~~~~~~~~~~~~~~~~~~~~~~~~~~~~~~~~~~~~~~~~~~~~~~[m[K
[5.129s]   183 | [01;36m[K        || int(TYPE0::ColsAtCompileTime)==int(TYPE1::ColsAtCompileTime))\[m[K
[5.130s]       |         [01;36m[K~~~~~~~~~~~~~~~~~~~~~~~~~~~~~~~~~~~~~~~~~~~~~~~~~~~~~~~~~~~~~~~~~[m[K
[5.130s]   184 | [01;36m[K       ) \[m[K
[5.130s]       |        [01;36m[K~~~[m[K
[5.130s]   185 | [01;36m[K     )[m[K
[5.130s]       |      [01;36m[K~[m[K
[5.130s] [01m[K/usr/include/eigen3/Eigen/src/Core/util/StaticAssert.h:33:54:[m[K [01;36m[Knote: [m[Kin definition of macro â€˜[01m[KEIGEN_STATIC_ASSERT[m[Kâ€™
[5.130s]    33 |     #define EIGEN_STATIC_ASSERT(X,MSG) static_assert([01;36m[KX[m[K,#MSG);
[5.130s]       |                                                      [01;36m[K^[m[K
[5.130s] [01m[K/usr/include/eigen3/Eigen/src/Core/util/StaticAssert.h:194:6:[m[K [01;36m[Knote: [m[Kin expansion of macro â€˜[01m[KEIGEN_PREDICATE_SAME_MATRIX_SIZE[m[Kâ€™
[5.131s]   194 |      [01;36m[KEIGEN_PREDICATE_SAME_MATRIX_SIZE[m[K(TYPE0,TYPE1),\
[5.131s]       |      [01;36m[K^~~~~~~~~~~~~~~~~~~~~~~~~~~~~~~~[m[K
[5.131s] [01m[K/usr/include/eigen3/Eigen/src/Core/AssignEvaluator.h:887:3:[m[K [01;36m[Knote: [m[Kin expansion of macro â€˜[01m[KEIGEN_STATIC_ASSERT_SAME_MATRIX_SIZE[m[Kâ€™
[5.131s]   887 |   [01;36m[KEIGEN_STATIC_ASSERT_SAME_MATRIX_SIZE[m[K(ActualDstTypeCleaned,Src)
[5.131s]       |   [01;36m[K^~~~~~~~~~~~~~~~~~~~~~~~~~~~~~~~~~~~[m[K
[8.164s] gmake[2]: *** [CMakeFiles/race3.dir/build.make:76: CMakeFiles/race3.dir/src/race3.cpp.o] Error 1
[8.165s] gmake[1]: *** [CMakeFiles/Makefile2:140: CMakeFiles/race3.dir/all] Error 2
[8.165s] gmake: *** [Makefile:146: all] Error 2
[8.171s] Invoked command in '/home/kabir/F1_labs/src/race3/build/race3' returned '2': CMAKE_PREFIX_PATH=${CMAKE_PREFIX_PATH}:/home/kabir/F1_labs/install/f1tenth_gym_ros:/opt/ros/humble /usr/bin/cmake --build /home/kabir/F1_labs/src/race3/build/race3 -- -j8 -l8
