[0.047s] Invoking command in '/home/kabir/F1_labs/src/race3/build/race3': CMAKE_PREFIX_PATH=${CMAKE_PREFIX_PATH}:/home/kabir/F1_labs/install/f1tenth_gym_ros:/opt/ros/humble /usr/bin/cmake /home/kabir/F1_labs/src/race3 -DCMAKE_INSTALL_PREFIX=/home/kabir/F1_labs/src/race3/install/race3
[0.301s] -- The C compiler identification is GNU 11.4.0
[0.517s] -- The CXX compiler identification is GNU 11.4.0
[0.549s] -- Detecting C compiler ABI info
[0.763s] -- Detecting C compiler ABI info - done
[0.777s] -- Check for working C compiler: /usr/bin/cc - skipped
[0.778s] -- Detecting C compile features
[0.780s] -- Detecting C compile features - done
[0.789s] -- Detecting CXX compiler ABI info
[1.008s] -- Detecting CXX compiler ABI info - done
[1.027s] -- Check for working CXX compiler: /usr/bin/c++ - skipped
[1.027s] -- Detecting CXX compile features
[1.028s] -- Detecting CXX compile features - done
[1.078s] -- Found ament_cmake: 1.3.11 (/opt/ros/humble/share/ament_cmake/cmake)
[1.557s] -- Found Python3: /usr/bin/python3 (found version "3.10.12") found components: Interpreter 
[1.931s] -- Found rclcpp: 16.0.12 (/opt/ros/humble/share/rclcpp/cmake)
[2.091s] -- Found rosidl_generator_c: 3.1.6 (/opt/ros/humble/share/rosidl_generator_c/cmake)
[2.107s] -- Found rosidl_adapter: 3.1.6 (/opt/ros/humble/share/rosidl_adapter/cmake)
[2.133s] -- Found rosidl_generator_cpp: 3.1.6 (/opt/ros/humble/share/rosidl_generator_cpp/cmake)
[2.175s] -- Using all available rosidl_typesupport_c: rosidl_typesupport_fastrtps_c;rosidl_typesupport_introspection_c
[2.226s] -- Using all available rosidl_typesupport_cpp: rosidl_typesupport_fastrtps_cpp;rosidl_typesupport_introspection_cpp
[2.363s] -- Found rmw_implementation_cmake: 6.1.2 (/opt/ros/humble/share/rmw_implementation_cmake/cmake)
[2.374s] -- Found rmw_fastrtps_cpp: 6.2.7 (/opt/ros/humble/share/rmw_fastrtps_cpp/cmake)
[2.648s] -- Found OpenSSL: /usr/lib/x86_64-linux-gnu/libcrypto.so (found version "3.0.2")  
[2.711s] -- Found FastRTPS: /opt/ros/humble/include  
[2.821s] -- Using RMW implementation 'rmw_fastrtps_cpp' as default
[2.868s] -- Looking for pthread.h
[3.048s] -- Looking for pthread.h - found
[3.050s] -- Performing Test CMAKE_HAVE_LIBC_PTHREAD
[3.223s] -- Performing Test CMAKE_HAVE_LIBC_PTHREAD - Success
[3.224s] -- Found Threads: TRUE  
[3.343s] -- Found geometry_msgs: 4.8.0 (/opt/ros/humble/share/geometry_msgs/cmake)
[3.376s] -- Found nav_msgs: 4.8.0 (/opt/ros/humble/share/nav_msgs/cmake)
[3.417s] -- Found ackermann_msgs: 2.0.2 (/opt/ros/humble/share/ackermann_msgs/cmake)
[3.448s] -- Found sensor_msgs: 4.8.0 (/opt/ros/humble/share/sensor_msgs/cmake)
[3.487s] -- Found visualization_msgs: 4.8.0 (/opt/ros/humble/share/visualization_msgs/cmake)
[3.532s] -- Found tf2_ros: 0.25.12 (/opt/ros/humble/share/tf2_ros/cmake)
[4.020s] -- Found ament_lint_auto: 0.12.12 (/opt/ros/humble/share/ament_lint_auto/cmake)
[4.256s] -- Added test 'cppcheck' to perform static code analysis on C / C++ code
[4.256s] -- Configured cppcheck include dirs: /home/kabir/F1_labs/src/race3/include;$<BUILD_INTERFACE:/home/kabir/F1_labs/src/race3/include>
[4.256s] -- Configured cppcheck exclude dirs and/or files: 
[4.259s] -- Added test 'flake8' to check Python code syntax and style conventions
[4.264s] -- Added test 'lint_cmake' to check CMake code style
[4.267s] -- Added test 'pep257' to check Python code against some of the docstring style conventions in PEP 257
[4.282s] -- Added test 'uncrustify' to check C / C++ code style
[4.283s] -- Configured uncrustify additional arguments: 
[4.286s] -- Added test 'xmllint' to check XML markup files
[4.291s] -- Configuring done
[4.322s] -- Generating done
[4.332s] -- Build files have been written to: /home/kabir/F1_labs/src/race3/build/race3
[4.358s] Invoked command in '/home/kabir/F1_labs/src/race3/build/race3' returned '0': CMAKE_PREFIX_PATH=${CMAKE_PREFIX_PATH}:/home/kabir/F1_labs/install/f1tenth_gym_ros:/opt/ros/humble /usr/bin/cmake /home/kabir/F1_labs/src/race3 -DCMAKE_INSTALL_PREFIX=/home/kabir/F1_labs/src/race3/install/race3
[4.361s] Invoking command in '/home/kabir/F1_labs/src/race3/build/race3': CMAKE_PREFIX_PATH=${CMAKE_PREFIX_PATH}:/home/kabir/F1_labs/install/f1tenth_gym_ros:/opt/ros/humble /usr/bin/cmake --build /home/kabir/F1_labs/src/race3/build/race3 -- -j8 -l8
[4.510s] [ 50%] [32mBuilding CXX object CMakeFiles/race3.dir/src/race3.cpp.o[0m
[9.724s] [01m[K/home/kabir/F1_labs/src/race3/src/race3.cpp:99:25:[m[K [01;31m[Kerror: [m[Kâ€˜[01m[KKDTree[m[Kâ€™ was not declared in this scope
[9.724s]    99 |         std::unique_ptr<[01;31m[KKDTree[m[K> kd_tree;
[9.725s]       |                         [01;31m[K^~~~~~[m[K
[9.725s] [01m[K/home/kabir/F1_labs/src/race3/src/race3.cpp:99:31:[m[K [01;31m[Kerror: [m[Ktemplate argument 1 is invalid
[9.725s]    99 |         std::unique_ptr<KDTree[01;31m[K>[m[K kd_tree;
[9.725s]       |                               [01;31m[K^[m[K
[9.726s] [01m[K/home/kabir/F1_labs/src/race3/src/race3.cpp:99:31:[m[K [01;31m[Kerror: [m[Ktemplate argument 2 is invalid
[9.726s] [01m[K/home/kabir/F1_labs/src/race3/src/race3.cpp:109:2:[m[K [01;31m[Kerror: [m[Kexpected â€˜[01m[K;[m[Kâ€™ after class definition
[9.726s]   109 | }
[9.726s]       |  [01;31m[K^[m[K
[9.726s]       |  [32m[K;[m[K
[9.731s] [01m[K/home/kabir/F1_labs/src/race3/src/race3.cpp:[m[K In constructor â€˜[01m[KPurePursuit::PurePursuit()[m[Kâ€™:
[9.732s] [01m[K/home/kabir/F1_labs/src/race3/src/race3.cpp:28:26:[m[K [01;31m[Kerror: [m[Kâ€˜[01m[KRace3[m[Kâ€™ was not declared in this scope
[9.732s]    28 |     PurePursuit() : Node([01;31m[KRace3[m[K),
[9.732s]       |                          [01;31m[K^~~~~[m[K
[9.742s] [01m[K/home/kabir/F1_labs/src/race3/src/race3.cpp:45:9:[m[K [01;31m[Kerror: [m[Kexpected â€˜[01m[K;[m[Kâ€™ before â€˜[01m[K}[m[Kâ€™ token
[9.742s]    45 |         [01;31m[K}[m[K else{
[9.743s]       |         [01;31m[K^[m[K
[9.744s] [01m[K/home/kabir/F1_labs/src/race3/src/race3.cpp:50:9:[m[K [01;31m[Kerror: [m[Kexpected â€˜[01m[K;[m[Kâ€™ before â€˜[01m[K}[m[Kâ€™ token
[9.744s]    50 |         [01;31m[K}[m[K
[9.745s]       |         [01;31m[K^[m[K
[9.752s] [01m[K/home/kabir/F1_labs/src/race3/src/race3.cpp:59:36:[m[K [01;31m[Kerror: [m[Kâ€˜[01m[KKDTree[m[Kâ€™ was not declared in this scope
[9.752s]    59 |         kd_tree = std::make_unique<[01;31m[KKDTree[m[K>(2, kd_tree_adaptor, nanoflann::KDTreeSingleIndexAdaptorParams(10));
[9.752s]       |                                    [01;31m[K^~~~~~[m[K
[9.753s] [01m[K/home/kabir/F1_labs/src/race3/src/race3.cpp:59:43:[m[K [01;31m[Kerror: [m[Kno matching function for call to â€˜[01m[Kmake_unique<<expression error> >(int, PurePursuit::KDTreeAdaptor&, nanoflann::KDTreeSingleIndexAdaptorParams)[m[Kâ€™
[9.753s]    59 |         kd_tree = [01;31m[Kstd::make_unique<KDTree>(2, kd_tree_adaptor, nanoflann::KDTreeSingleIndexAdaptorParams(10))[m[K;
[9.753s]       |                   [01;31m[K~~~~~~~~~~~~~~~~~~~~~~~~^~~~~~~~~~~~~~~~~~~~~~~~~~~~~~~~~~~~~~~~~~~~~~~~~~~~~~~~~~~~~~~~~~~[m[K
[9.753s] In file included from [01m[K/usr/include/c++/11/memory:76[m[K,
[9.754s]                  from [01m[K/home/kabir/F1_labs/src/race3/src/race3.cpp:1[m[K:
[9.754s] [01m[K/usr/include/c++/11/bits/unique_ptr.h:961:5:[m[K [01;36m[Knote: [m[Kcandidate: â€˜[01m[Ktemplate<class _Tp, class ... _Args> typename std::_MakeUniq<_Tp>::__single_object std::make_unique(_Args&& ...)[m[Kâ€™
[9.754s]   961 |     [01;36m[Kmake_unique[m[K(_Args&&... __args)
[9.754s]       |     [01;36m[K^~~~~~~~~~~[m[K
[9.754s] [01m[K/usr/include/c++/11/bits/unique_ptr.h:961:5:[m[K [01;36m[Knote: [m[K  template argument deduction/substitution failed:
[9.755s] [01m[K/home/kabir/F1_labs/src/race3/src/race3.cpp:59:43:[m[K [01;31m[Kerror: [m[Ktemplate argument 1 is invalid
[9.755s]    59 |         kd_tree = [01;31m[Kstd::make_unique<KDTree>(2, kd_tree_adaptor, nanoflann::KDTreeSingleIndexAdaptorParams(10))[m[K;
[9.755s]       |                   [01;31m[K~~~~~~~~~~~~~~~~~~~~~~~~^~~~~~~~~~~~~~~~~~~~~~~~~~~~~~~~~~~~~~~~~~~~~~~~~~~~~~~~~~~~~~~~~~~[m[K
[9.755s] In file included from [01m[K/usr/include/c++/11/memory:76[m[K,
[9.756s]                  from [01m[K/home/kabir/F1_labs/src/race3/src/race3.cpp:1[m[K:
[9.756s] [01m[K/usr/include/c++/11/bits/unique_ptr.h:967:5:[m[K [01;36m[Knote: [m[Kcandidate: â€˜[01m[Ktemplate<class _Tp> typename std::_MakeUniq<_Tp>::__array std::make_unique(std::size_t)[m[Kâ€™
[9.756s]   967 |     [01;36m[Kmake_unique[m[K(size_t __num)
[9.756s]       |     [01;36m[K^~~~~~~~~~~[m[K
[9.757s] [01m[K/usr/include/c++/11/bits/unique_ptr.h:967:5:[m[K [01;36m[Knote: [m[K  template argument deduction/substitution failed:
[9.757s] [01m[K/home/kabir/F1_labs/src/race3/src/race3.cpp:59:43:[m[K [01;31m[Kerror: [m[Ktemplate argument 1 is invalid
[9.757s]    59 |         kd_tree = [01;31m[Kstd::make_unique<KDTree>(2, kd_tree_adaptor, nanoflann::KDTreeSingleIndexAdaptorParams(10))[m[K;
[9.757s]       |                   [01;31m[K~~~~~~~~~~~~~~~~~~~~~~~~^~~~~~~~~~~~~~~~~~~~~~~~~~~~~~~~~~~~~~~~~~~~~~~~~~~~~~~~~~~~~~~~~~~[m[K
[9.757s] In file included from [01m[K/usr/include/c++/11/memory:76[m[K,
[9.758s]                  from [01m[K/home/kabir/F1_labs/src/race3/src/race3.cpp:1[m[K:
[9.758s] [01m[K/usr/include/c++/11/bits/unique_ptr.h:973:5:[m[K [01;36m[Knote: [m[Kcandidate: â€˜[01m[Ktemplate<class _Tp, class ... _Args> typename std::_MakeUniq<_Tp>::__invalid_type std::make_unique(_Args&& ...)[m[Kâ€™ (deleted)
[9.758s]   973 |     [01;36m[Kmake_unique[m[K(_Args&&...) = delete;
[9.758s]       |     [01;36m[K^~~~~~~~~~~[m[K
[9.758s] [01m[K/usr/include/c++/11/bits/unique_ptr.h:973:5:[m[K [01;36m[Knote: [m[K  template argument deduction/substitution failed:
[9.759s] [01m[K/home/kabir/F1_labs/src/race3/src/race3.cpp:59:43:[m[K [01;31m[Kerror: [m[Ktemplate argument 1 is invalid
[9.759s]    59 |         kd_tree = [01;31m[Kstd::make_unique<KDTree>(2, kd_tree_adaptor, nanoflann::KDTreeSingleIndexAdaptorParams(10))[m[K;
[9.759s]       |                   [01;31m[K~~~~~~~~~~~~~~~~~~~~~~~~^~~~~~~~~~~~~~~~~~~~~~~~~~~~~~~~~~~~~~~~~~~~~~~~~~~~~~~~~~~~~~~~~~~[m[K
[9.759s] [01m[K/home/kabir/F1_labs/src/race3/src/race3.cpp:60:16:[m[K [01;31m[Kerror: [m[Kbase operand of â€˜[01m[K->[m[Kâ€™ is not a pointer
[9.759s]    60 |         kd_tree[01;31m[K->[m[KbuildIndex();
[9.760s]       |                [01;31m[K^~[m[K
[9.794s] [01m[K/home/kabir/F1_labs/src/race3/src/race3.cpp:[m[K In member function â€˜[01m[Kvoid PurePursuit::loadWaypoints()[m[Kâ€™:
[9.794s] [01m[K/home/kabir/F1_labs/src/race3/src/race3.cpp:126:9:[m[K [01;31m[Kerror: [m[Kexpected â€˜[01m[K,[m[Kâ€™ or â€˜[01m[K;[m[Kâ€™ before â€˜[01m[Kstd[m[Kâ€™
[9.794s]   126 |         [01;31m[Kstd[m[K::string x_str, y_str;
[9.794s]       |         [01;31m[K^~~[m[K
[9.802s] [01m[K/home/kabir/F1_labs/src/race3/src/race3.cpp:127:26:[m[K [01;31m[Kerror: [m[Kâ€˜[01m[Kx_str[m[Kâ€™ was not declared in this scope
[9.802s]   127 |         std::getline(ss, [01;31m[Kx_str[m[K, ',');
[9.802s]       |                          [01;31m[K^~~~~[m[K
[9.810s] [01m[K/home/kabir/F1_labs/src/race3/src/race3.cpp:128:26:[m[K [01;31m[Kerror: [m[Kâ€˜[01m[Ky_str[m[Kâ€™ was not declared in this scope
[9.810s]   128 |         std::getline(ss, [01;31m[Ky_str[m[K, ',');
[9.811s]       |                          [01;31m[K^~~~~[m[K
[9.811s] [01m[K/home/kabir/F1_labs/src/race3/src/race3.cpp:[m[K At global scope:
[9.812s] [01m[K/home/kabir/F1_labs/src/race3/src/race3.cpp:142:6:[m[K [01;31m[Kerror: [m[Kâ€˜[01m[KPurePursuid[m[Kâ€™ has not been declared
[9.812s]   142 | void [01;31m[KPurePursuid[m[K::odom_callback(const nav_msgs::msg::Odometry::SharedPtr msg){
[9.812s]       |      [01;31m[K^~~~~~~~~~~[m[K
[9.821s] [01m[K/home/kabir/F1_labs/src/race3/src/race3.cpp:[m[K In function â€˜[01m[Kvoid odom_callback(nav_msgs::msg::Odometry_<std::allocator<void> >::SharedPtr)[m[Kâ€™:
[9.822s] [01m[K/home/kabir/F1_labs/src/race3/src/race3.cpp:144:9:[m[K [01;31m[Kerror: [m[Kâ€˜[01m[Kprocess_pose[m[Kâ€™ was not declared in this scope
[9.822s]   144 |         [01;31m[Kprocess_pose[m[K(msg->pose.pose.position.x, msg->pose.pose.position.y, msg->pose.pose.orientation);
[9.823s]       |         [01;31m[K^~~~~~~~~~~~[m[K
[9.823s] In file included from [01m[K/opt/ros/humble/include/rclcpp/rclcpp/client.hpp:40[m[K,
[9.823s]                  from [01m[K/opt/ros/humble/include/rclcpp/rclcpp/callback_group.hpp:24[m[K,
[9.823s]                  from [01m[K/opt/ros/humble/include/rclcpp/rclcpp/any_executable.hpp:20[m[K,
[9.824s]                  from [01m[K/opt/ros/humble/include/rclcpp/rclcpp/memory_strategy.hpp:25[m[K,
[9.824s]                  from [01m[K/opt/ros/humble/include/rclcpp/rclcpp/memory_strategies.hpp:18[m[K,
[9.824s]                  from [01m[K/opt/ros/humble/include/rclcpp/rclcpp/executor_options.hpp:20[m[K,
[9.824s]                  from [01m[K/opt/ros/humble/include/rclcpp/rclcpp/executor.hpp:37[m[K,
[9.824s]                  from [01m[K/opt/ros/humble/include/rclcpp/rclcpp/executors/multi_threaded_executor.hpp:25[m[K,
[9.824s]                  from [01m[K/opt/ros/humble/include/rclcpp/rclcpp/executors.hpp:21[m[K,
[9.825s]                  from [01m[K/opt/ros/humble/include/rclcpp/rclcpp/rclcpp.hpp:155[m[K,
[9.825s]                  from [01m[K/home/kabir/F1_labs/src/race3/src/race3.cpp:8[m[K:
[9.825s] [01m[K/home/kabir/F1_labs/src/race3/src/race3.cpp:146:22:[m[K [01;31m[Kerror: [m[Kinvalid use of â€˜[01m[Kthis[m[Kâ€™ in non-member function
[9.825s]   146 |         RCLCPP_ERROR([01;31m[Kthis[m[K->get_logger(), "Error in odom_callback: %s", e.what());
[9.825s]       |                      [01;31m[K^~~~[m[K
[9.825s] [01m[K/home/kabir/F1_labs/src/race3/src/race3.cpp:146:22:[m[K [01;31m[Kerror: [m[Kinvalid use of â€˜[01m[Kthis[m[Kâ€™ in non-member function
[9.826s] [01m[K/home/kabir/F1_labs/src/race3/src/race3.cpp:146:9:[m[K [01;31m[Kerror: [m[Ktemplate argument 1 is invalid
[9.826s]   146 |         [01;31m[KRCLCPP_ERROR[m[K(this->get_logger(), "Error in odom_callback: %s", e.what());
[9.826s]       |         [01;31m[K^~~~~~~~~~~~[m[K
[9.826s] [01m[K/home/kabir/F1_labs/src/race3/src/race3.cpp:146:9:[m[K [01;31m[Kerror: [m[Ktemplate argument 1 is invalid
[9.826s]   146 |         [01;31m[KRCLCPP_ERROR[m[K(this->get_logger(), "Error in odom_callback: %s", e.what());
[9.826s]       |         [01;31m[K^~~~~~~~~~~~[m[K
[9.827s] [01m[K/home/kabir/F1_labs/src/race3/src/race3.cpp:146:9:[m[K [01;31m[Kerror: [m[Ktemplate argument 1 is invalid
[9.827s]   146 |         [01;31m[KRCLCPP_ERROR[m[K(this->get_logger(), "Error in odom_callback: %s", e.what());
[9.827s]       |         [01;31m[K^~~~~~~~~~~~[m[K
[9.827s] In file included from [01m[K/opt/ros/humble/include/rclcpp/rclcpp/logging.hpp:24[m[K,
[9.827s]                  from [01m[K/opt/ros/humble/include/rclcpp/rclcpp/client.hpp:40[m[K,
[9.827s]                  from [01m[K/opt/ros/humble/include/rclcpp/rclcpp/callback_group.hpp:24[m[K,
[9.828s]                  from [01m[K/opt/ros/humble/include/rclcpp/rclcpp/any_executable.hpp:20[m[K,
[9.828s]                  from [01m[K/opt/ros/humble/include/rclcpp/rclcpp/memory_strategy.hpp:25[m[K,
[9.828s]                  from [01m[K/opt/ros/humble/include/rclcpp/rclcpp/memory_strategies.hpp:18[m[K,
[9.828s]                  from [01m[K/opt/ros/humble/include/rclcpp/rclcpp/executor_options.hpp:20[m[K,
[9.828s]                  from [01m[K/opt/ros/humble/include/rclcpp/rclcpp/executor.hpp:37[m[K,
[9.828s]                  from [01m[K/opt/ros/humble/include/rclcpp/rclcpp/executors/multi_threaded_executor.hpp:25[m[K,
[9.829s]                  from [01m[K/opt/ros/humble/include/rclcpp/rclcpp/executors.hpp:21[m[K,
[9.829s]                  from [01m[K/opt/ros/humble/include/rclcpp/rclcpp/rclcpp.hpp:155[m[K,
[9.829s]                  from [01m[K/home/kabir/F1_labs/src/race3/src/race3.cpp:8[m[K:
[9.829s] [01m[K/home/kabir/F1_labs/src/race3/src/race3.cpp:146:22:[m[K [01;31m[Kerror: [m[Kinvalid use of â€˜[01m[Kthis[m[Kâ€™ in non-member function
[9.829s]   146 |         RCLCPP_ERROR([01;31m[Kthis[m[K->get_logger(), "Error in odom_callback: %s", e.what());
[9.829s]       |                      [01;31m[K^~~~[m[K
[9.830s] [01m[K/home/kabir/F1_labs/src/race3/src/race3.cpp:146:22:[m[K [01;31m[Kerror: [m[Kinvalid use of â€˜[01m[Kthis[m[Kâ€™ in non-member function
[9.830s]   146 |         RCLCPP_ERROR([01;31m[Kthis[m[K->get_logger(), "Error in odom_callback: %s", e.what());
[9.830s]       |                      [01;31m[K^~~~[m[K
[9.866s] [01m[K/home/kabir/F1_labs/src/race3/src/race3.cpp:[m[K In member function â€˜[01m[Kvoid PurePursuit::process_pose(double, double, const Quaternion&)[m[Kâ€™:
[9.866s] [01m[K/home/kabir/F1_labs/src/race3/src/race3.cpp:177:16:[m[K [01;31m[Kerror: [m[Kbase operand of â€˜[01m[K->[m[Kâ€™ is not a pointer
[9.867s]   177 |         kd_tree[01;31m[K->[m[KknnSearch(query.data(), 1, &idx, &dist);
[9.867s]       |                [01;31m[K^~[m[K
[9.954s] [01m[K/home/kabir/F1_labs/src/race3/src/race3.cpp:233:44:[m[K [01;31m[Kerror: [m[Kqualified-id in declaration before â€˜[01m[K([m[Kâ€™ token
[9.954s]   233 | void PurePursuit::publish_waypoints_markers[01;31m[K([m[K) {
[9.955s]       |                                            [01;31m[K^[m[K
[9.955s] [01m[K/home/kabir/F1_labs/src/race3/src/race3.cpp:266:33:[m[K [01;31m[Kerror: [m[Ka function-definition is not allowed here before â€˜[01m[K{[m[Kâ€™ token
[9.955s]   266 | int main(int argc, char** argv) [01;31m[K{[m[K
[9.955s]       |                                 [01;31m[K^[m[K
[9.956s] [01m[K/home/kabir/F1_labs/src/race3/src/race3.cpp:276:2:[m[K [01;31m[Kerror: [m[Kexpected â€˜[01m[K}[m[Kâ€™ at end of input
[9.956s]   276 | }
[9.956s]       |  [01;31m[K^[m[K
[9.956s] [01m[K/home/kabir/F1_labs/src/race3/src/race3.cpp:158:103:[m[K [01;36m[Knote: [m[Kto match this â€˜[01m[K{[m[Kâ€™
[9.957s]   158 | ouble car_x, double car_y, const geometry_msgs::msg::Quaternion& quat)[01;36m[K{[m[K
[9.957s]       |                                                                       [01;36m[K^[m[K
[9.957s] 
[10.591s] In file included from [01m[K/usr/include/eigen3/Eigen/Core:164[m[K,
[10.591s]                  from [01m[K/usr/include/eigen3/Eigen/Dense:1[m[K,
[10.591s]                  from [01m[K/home/kabir/F1_labs/src/race3/src/race3.cpp:18[m[K:
[10.591s] /usr/include/eigen3/Eigen/src/Core/AssignEvaluator.h: In instantiation of â€˜[01m[Kvoid Eigen::internal::call_assignment_no_alias(Dst&, const Src&, const Func&) [with Dst = Eigen::Matrix<double, 4, 4>; Src = Eigen::Transpose<Eigen::Matrix<double, 3, 3> >; Func = Eigen::internal::assign_op<double, double>][m[Kâ€™:
[10.592s] [01m[K/usr/include/eigen3/Eigen/src/Core/PlainObjectBase.h:797:41:[m[K   required from â€˜[01m[KDerived& Eigen::PlainObjectBase<Derived>::_set_noalias(const Eigen::DenseBase<OtherDerived>&) [with OtherDerived = Eigen::Transpose<Eigen::Matrix<double, 3, 3> >; Derived = Eigen::Matrix<double, 4, 4>][m[Kâ€™
[10.592s] [01m[K/usr/include/eigen3/Eigen/src/Core/PlainObjectBase.h:594:19:[m[K   required from â€˜[01m[KEigen::PlainObjectBase<Derived>::PlainObjectBase(const Eigen::DenseBase<OtherDerived>&) [with OtherDerived = Eigen::Transpose<Eigen::Matrix<double, 3, 3> >; Derived = Eigen::Matrix<double, 4, 4>][m[Kâ€™
[10.592s] [01m[K/usr/include/eigen3/Eigen/src/Core/Matrix.h:423:29:[m[K   required from â€˜[01m[KEigen::Matrix<_Scalar, _Rows, _Cols, _Options, _MaxRows, _MaxCols>::Matrix(const Eigen::EigenBase<OtherDerived>&) [with OtherDerived = Eigen::Transpose<Eigen::Matrix<double, 3, 3> >; _Scalar = double; int _Rows = 4; int _Cols = 4; int _Options = 0; int _MaxRows = 4; int _MaxCols = 4][m[Kâ€™
[10.592s] [01m[K/home/kabir/F1_labs/src/race3/src/race3.cpp:168:71:[m[K   required from here
[10.593s] [01m[K/usr/include/eigen3/Eigen/src/Core/util/StaticAssert.h:177:5:[m[K [01;31m[Kerror: [m[Kstatic assertion failed: YOU_MIXED_MATRICES_OF_DIFFERENT_SIZES
[10.593s]   175 |      [01;31m[K( \[m[K
[10.593s]       |      [01;31m[K~~~[m[K
[10.593s]   176 | [01;31m[K        (int(Eigen::internal::size_of_xpr_at_compile_time<TYPE0>::ret)==0 && int(Eigen::internal::size_of_xpr_at_compile_time<TYPE1>::ret)==0) \[m[K
[10.593s]       |         [01;31m[K~~~~~~~~~~~~~~~~~~~~~~~~~~~~~~~~~~~~~~~~~~~~~~~~~~~~~~~~~~~~~~~~~~~~~~~~~~~~~~~~~~~~~~~~~~~~~~~~~~~~~~~~~~~~~~~~~~~~~~~~~~~~~~~~~~~~~~~~[m[K
[10.593s]   177 | [01;31m[K    || (\[m[K
[10.594s]       |     [01;31m[K^~~~~[m[K
[10.594s]   178 | [01;31m[K          (int(TYPE0::RowsAtCompileTime)==Eigen::Dynamic \[m[K
[10.594s]       |           [01;31m[K~~~~~~~~~~~~~~~~~~~~~~~~~~~~~~~~~~~~~~~~~~~~~~~~[m[K
[10.594s]   179 | [01;31m[K        || int(TYPE1::RowsAtCompileTime)==Eigen::Dynamic \[m[K
[10.594s]       |         [01;31m[K~~~~~~~~~~~~~~~~~~~~~~~~~~~~~~~~~~~~~~~~~~~~~~~~~~[m[K
[10.594s]   180 | [01;31m[K        || int(TYPE0::RowsAtCompileTime)==int(TYPE1::RowsAtCompileTime)) \[m[K
[10.595s]       |         [01;31m[K~~~~~~~~~~~~~~~~~~~~~~~~~~~~~~~~~~~~~~~~~~~~~~~~~~~~~~~~~~~~~~~~~~[m[K
[10.595s]   181 | [01;31m[K      &&  (int(TYPE0::ColsAtCompileTime)==Eigen::Dynamic \[m[K
[10.595s]       |       [01;31m[K~~~~~~~~~~~~~~~~~~~~~~~~~~~~~~~~~~~~~~~~~~~~~~~~~~~~[m[K
[10.595s]   182 | [01;31m[K        || int(TYPE1::ColsAtCompileTime)==Eigen::Dynamic \[m[K
[10.595s]       |         [01;31m[K~~~~~~~~~~~~~~~~~~~~~~~~~~~~~~~~~~~~~~~~~~~~~~~~~~[m[K
[10.595s]   183 | [01;31m[K        || int(TYPE0::ColsAtCompileTime)==int(TYPE1::ColsAtCompileTime))\[m[K
[10.596s]       |         [01;31m[K~~~~~~~~~~~~~~~~~~~~~~~~~~~~~~~~~~~~~~~~~~~~~~~~~~~~~~~~~~~~~~~~~[m[K
[10.596s]   184 | [01;31m[K       ) \[m[K
[10.596s]       |        [01;31m[K~~~[m[K
[10.596s]   185 | [01;31m[K     )[m[K
[10.596s]       |      [01;31m[K~[m[K
[10.596s] [01m[K/usr/include/eigen3/Eigen/src/Core/util/StaticAssert.h:33:54:[m[K [01;36m[Knote: [m[Kin definition of macro â€˜[01m[KEIGEN_STATIC_ASSERT[m[Kâ€™
[10.597s]    33 |     #define EIGEN_STATIC_ASSERT(X,MSG) static_assert([01;36m[KX[m[K,#MSG);
[10.597s]       |                                                      [01;36m[K^[m[K
[10.597s] [01m[K/usr/include/eigen3/Eigen/src/Core/util/StaticAssert.h:194:6:[m[K [01;36m[Knote: [m[Kin expansion of macro â€˜[01m[KEIGEN_PREDICATE_SAME_MATRIX_SIZE[m[Kâ€™
[10.598s]   194 |      [01;36m[KEIGEN_PREDICATE_SAME_MATRIX_SIZE[m[K(TYPE0,TYPE1),\
[10.598s]       |      [01;36m[K^~~~~~~~~~~~~~~~~~~~~~~~~~~~~~~~[m[K
[10.598s] [01m[K/usr/include/eigen3/Eigen/src/Core/AssignEvaluator.h:887:3:[m[K [01;36m[Knote: [m[Kin expansion of macro â€˜[01m[KEIGEN_STATIC_ASSERT_SAME_MATRIX_SIZE[m[Kâ€™
[10.598s]   887 |   [01;36m[KEIGEN_STATIC_ASSERT_SAME_MATRIX_SIZE[m[K(ActualDstTypeCleaned,Src)
[10.598s]       |   [01;36m[K^~~~~~~~~~~~~~~~~~~~~~~~~~~~~~~~~~~~[m[K
[10.599s] [01m[K/usr/include/eigen3/Eigen/src/Core/util/StaticAssert.h:177:5:[m[K [01;36m[Knote: [m[Kâ€˜[01m[K(((((int)Eigen::internal::size_of_xpr_at_compile_time<Eigen::Matrix<double, 4, 4> >::ret) == 0) && (((int)Eigen::internal::size_of_xpr_at_compile_time<Eigen::Transpose<Eigen::Matrix<double, 3, 3> > >::ret) == 0)) || ((((((int)Eigen::Matrix<double, 4, 4>::RowsAtCompileTime) == ((int)Eigen::Dynamic)) || (((int)Eigen::Transpose<Eigen::Matrix<double, 3, 3> >::RowsAtCompileTime) == ((int)Eigen::Dynamic))) || (((int)Eigen::Matrix<double, 4, 4>::RowsAtCompileTime) == ((int)Eigen::Transpose<Eigen::Matrix<double, 3, 3> >::RowsAtCompileTime))) && (((((int)Eigen::Matrix<double, 4, 4>::ColsAtCompileTime) == ((int)Eigen::Dynamic)) || (((int)Eigen::Transpose<Eigen::Matrix<double, 3, 3> >::ColsAtCompileTime) == ((int)Eigen::Dynamic))) || (((int)Eigen::Matrix<double, 4, 4>::ColsAtCompileTime) == ((int)Eigen::Transpose<Eigen::Matrix<double, 3, 3> >::ColsAtCompileTime)))))[m[Kâ€™ evaluates to false
[10.599s]   175 |      [01;36m[K( \[m[K
[10.599s]       |      [01;36m[K~~~[m[K
[10.599s]   176 | [01;36m[K        (int(Eigen::internal::size_of_xpr_at_compile_time<TYPE0>::ret)==0 && int(Eigen::internal::size_of_xpr_at_compile_time<TYPE1>::ret)==0) \[m[K
[10.599s]       |         [01;36m[K~~~~~~~~~~~~~~~~~~~~~~~~~~~~~~~~~~~~~~~~~~~~~~~~~~~~~~~~~~~~~~~~~~~~~~~~~~~~~~~~~~~~~~~~~~~~~~~~~~~~~~~~~~~~~~~~~~~~~~~~~~~~~~~~~~~~~~~~[m[K
[10.599s]   177 | [01;36m[K    || (\[m[K
[10.600s]       |     [01;36m[K^~~~~[m[K
[10.600s]   178 | [01;36m[K          (int(TYPE0::RowsAtCompileTime)==Eigen::Dynamic \[m[K
[10.600s]       |           [01;36m[K~~~~~~~~~~~~~~~~~~~~~~~~~~~~~~~~~~~~~~~~~~~~~~~~[m[K
[10.600s]   179 | [01;36m[K        || int(TYPE1::RowsAtCompileTime)==Eigen::Dynamic \[m[K
[10.600s]       |         [01;36m[K~~~~~~~~~~~~~~~~~~~~~~~~~~~~~~~~~~~~~~~~~~~~~~~~~~[m[K
[10.600s]   180 | [01;36m[K        || int(TYPE0::RowsAtCompileTime)==int(TYPE1::RowsAtCompileTime)) \[m[K
[10.601s]       |         [01;36m[K~~~~~~~~~~~~~~~~~~~~~~~~~~~~~~~~~~~~~~~~~~~~~~~~~~~~~~~~~~~~~~~~~~[m[K
[10.601s]   181 | [01;36m[K      &&  (int(TYPE0::ColsAtCompileTime)==Eigen::Dynamic \[m[K
[10.601s]       |       [01;36m[K~~~~~~~~~~~~~~~~~~~~~~~~~~~~~~~~~~~~~~~~~~~~~~~~~~~~[m[K
[10.601s]   182 | [01;36m[K        || int(TYPE1::ColsAtCompileTime)==Eigen::Dynamic \[m[K
[10.601s]       |         [01;36m[K~~~~~~~~~~~~~~~~~~~~~~~~~~~~~~~~~~~~~~~~~~~~~~~~~~[m[K
[10.601s]   183 | [01;36m[K        || int(TYPE0::ColsAtCompileTime)==int(TYPE1::ColsAtCompileTime))\[m[K
[10.602s]       |         [01;36m[K~~~~~~~~~~~~~~~~~~~~~~~~~~~~~~~~~~~~~~~~~~~~~~~~~~~~~~~~~~~~~~~~~[m[K
[10.602s]   184 | [01;36m[K       ) \[m[K
[10.602s]       |        [01;36m[K~~~[m[K
[10.602s]   185 | [01;36m[K     )[m[K
[10.602s]       |      [01;36m[K~[m[K
[10.602s] [01m[K/usr/include/eigen3/Eigen/src/Core/util/StaticAssert.h:33:54:[m[K [01;36m[Knote: [m[Kin definition of macro â€˜[01m[KEIGEN_STATIC_ASSERT[m[Kâ€™
[10.603s]    33 |     #define EIGEN_STATIC_ASSERT(X,MSG) static_assert([01;36m[KX[m[K,#MSG);
[10.603s]       |                                                      [01;36m[K^[m[K
[10.603s] [01m[K/usr/include/eigen3/Eigen/src/Core/util/StaticAssert.h:194:6:[m[K [01;36m[Knote: [m[Kin expansion of macro â€˜[01m[KEIGEN_PREDICATE_SAME_MATRIX_SIZE[m[Kâ€™
[10.603s]   194 |      [01;36m[KEIGEN_PREDICATE_SAME_MATRIX_SIZE[m[K(TYPE0,TYPE1),\
[10.603s]       |      [01;36m[K^~~~~~~~~~~~~~~~~~~~~~~~~~~~~~~~[m[K
[10.603s] [01m[K/usr/include/eigen3/Eigen/src/Core/AssignEvaluator.h:887:3:[m[K [01;36m[Knote: [m[Kin expansion of macro â€˜[01m[KEIGEN_STATIC_ASSERT_SAME_MATRIX_SIZE[m[Kâ€™
[10.604s]   887 |   [01;36m[KEIGEN_STATIC_ASSERT_SAME_MATRIX_SIZE[m[K(ActualDstTypeCleaned,Src)
[10.604s]       |   [01;36m[K^~~~~~~~~~~~~~~~~~~~~~~~~~~~~~~~~~~~[m[K
[10.604s] /usr/include/eigen3/Eigen/src/Core/AssignEvaluator.h: In instantiation of â€˜[01m[Kvoid Eigen::internal::call_assignment_no_alias(Dst&, const Src&, const Func&) [with Dst = Eigen::Block<Eigen::Matrix<double, 4, 4>, 3, 3, false>; Src = Eigen::Matrix<double, 4, 4>; Func = Eigen::internal::assign_op<double, double>][m[Kâ€™:
[10.604s] [01m[K/usr/include/eigen3/Eigen/src/Core/AssignEvaluator.h:858:27:[m[K   required from â€˜[01m[Kvoid Eigen::internal::call_assignment(Dst&, const Src&, const Func&, typename Eigen::internal::enable_if<(! Eigen::internal::evaluator_assume_aliasing<Src>::value), void*>::type) [with Dst = Eigen::Block<Eigen::Matrix<double, 4, 4>, 3, 3, false>; Src = Eigen::Matrix<double, 4, 4>; Func = Eigen::internal::assign_op<double, double>; typename Eigen::internal::enable_if<(! Eigen::internal::evaluator_assume_aliasing<Src>::value), void*>::type = void*; typename Eigen::internal::evaluator_traits<SrcXprType>::Shape = Eigen::DenseShape][m[Kâ€™
[10.604s] [01m[K/usr/include/eigen3/Eigen/src/Core/AssignEvaluator.h:836:18:[m[K   required from â€˜[01m[Kvoid Eigen::internal::call_assignment(Dst&, const Src&) [with Dst = Eigen::Block<Eigen::Matrix<double, 4, 4>, 3, 3, false>; Src = Eigen::Matrix<double, 4, 4>][m[Kâ€™
[10.604s] [01m[K/usr/include/eigen3/Eigen/src/Core/Assign.h:66:28:[m[K   required from â€˜[01m[KDerived& Eigen::MatrixBase<Derived>::operator=(const Eigen::DenseBase<OtherDerived>&) [with OtherDerived = Eigen::Matrix<double, 4, 4>; Derived = Eigen::Block<Eigen::Matrix<double, 4, 4>, 3, 3, false>][m[Kâ€™
[10.605s] [01m[K/home/kabir/F1_labs/src/race3/src/race3.cpp:208:25:[m[K   required from here
[10.605s] [01m[K/usr/include/eigen3/Eigen/src/Core/util/StaticAssert.h:177:5:[m[K [01;31m[Kerror: [m[Kstatic assertion failed: YOU_MIXED_MATRICES_OF_DIFFERENT_SIZES
[10.605s]   175 |      [01;31m[K( \[m[K
[10.605s]       |      [01;31m[K~~~[m[K
[10.605s]   176 | [01;31m[K        (int(Eigen::internal::size_of_xpr_at_compile_time<TYPE0>::ret)==0 && int(Eigen::internal::size_of_xpr_at_compile_time<TYPE1>::ret)==0) \[m[K
[10.605s]       |         [01;31m[K~~~~~~~~~~~~~~~~~~~~~~~~~~~~~~~~~~~~~~~~~~~~~~~~~~~~~~~~~~~~~~~~~~~~~~~~~~~~~~~~~~~~~~~~~~~~~~~~~~~~~~~~~~~~~~~~~~~~~~~~~~~~~~~~~~~~~~~~[m[K
[10.606s]   177 | [01;31m[K    || (\[m[K
[10.606s]       |     [01;31m[K^~~~~[m[K
[10.606s]   178 | [01;31m[K          (int(TYPE0::RowsAtCompileTime)==Eigen::Dynamic \[m[K
[10.606s]       |           [01;31m[K~~~~~~~~~~~~~~~~~~~~~~~~~~~~~~~~~~~~~~~~~~~~~~~~[m[K
[10.606s]   179 | [01;31m[K        || int(TYPE1::RowsAtCompileTime)==Eigen::Dynamic \[m[K
[10.606s]       |         [01;31m[K~~~~~~~~~~~~~~~~~~~~~~~~~~~~~~~~~~~~~~~~~~~~~~~~~~[m[K
[10.607s]   180 | [01;31m[K        || int(TYPE0::RowsAtCompileTime)==int(TYPE1::RowsAtCompileTime)) \[m[K
[10.607s]       |         [01;31m[K~~~~~~~~~~~~~~~~~~~~~~~~~~~~~~~~~~~~~~~~~~~~~~~~~~~~~~~~~~~~~~~~~~[m[K
[10.607s]   181 | [01;31m[K      &&  (int(TYPE0::ColsAtCompileTime)==Eigen::Dynamic \[m[K
[10.607s]       |       [01;31m[K~~~~~~~~~~~~~~~~~~~~~~~~~~~~~~~~~~~~~~~~~~~~~~~~~~~~[m[K
[10.607s]   182 | [01;31m[K        || int(TYPE1::ColsAtCompileTime)==Eigen::Dynamic \[m[K
[10.607s]       |         [01;31m[K~~~~~~~~~~~~~~~~~~~~~~~~~~~~~~~~~~~~~~~~~~~~~~~~~~[m[K
[10.608s]   183 | [01;31m[K        || int(TYPE0::ColsAtCompileTime)==int(TYPE1::ColsAtCompileTime))\[m[K
[10.608s]       |         [01;31m[K~~~~~~~~~~~~~~~~~~~~~~~~~~~~~~~~~~~~~~~~~~~~~~~~~~~~~~~~~~~~~~~~~[m[K
[10.608s]   184 | [01;31m[K       ) \[m[K
[10.608s]       |        [01;31m[K~~~[m[K
[10.608s]   185 | [01;31m[K     )[m[K
[10.608s]       |      [01;31m[K~[m[K
[10.609s] [01m[K/usr/include/eigen3/Eigen/src/Core/util/StaticAssert.h:33:54:[m[K [01;36m[Knote: [m[Kin definition of macro â€˜[01m[KEIGEN_STATIC_ASSERT[m[Kâ€™
[10.609s]    33 |     #define EIGEN_STATIC_ASSERT(X,MSG) static_assert([01;36m[KX[m[K,#MSG);
[10.609s]       |                                                      [01;36m[K^[m[K
[10.609s] [01m[K/usr/include/eigen3/Eigen/src/Core/util/StaticAssert.h:194:6:[m[K [01;36m[Knote: [m[Kin expansion of macro â€˜[01m[KEIGEN_PREDICATE_SAME_MATRIX_SIZE[m[Kâ€™
[10.609s]   194 |      [01;36m[KEIGEN_PREDICATE_SAME_MATRIX_SIZE[m[K(TYPE0,TYPE1),\
[10.609s]       |      [01;36m[K^~~~~~~~~~~~~~~~~~~~~~~~~~~~~~~~[m[K
[10.610s] [01m[K/usr/include/eigen3/Eigen/src/Core/AssignEvaluator.h:887:3:[m[K [01;36m[Knote: [m[Kin expansion of macro â€˜[01m[KEIGEN_STATIC_ASSERT_SAME_MATRIX_SIZE[m[Kâ€™
[10.610s]   887 |   [01;36m[KEIGEN_STATIC_ASSERT_SAME_MATRIX_SIZE[m[K(ActualDstTypeCleaned,Src)
[10.610s]       |   [01;36m[K^~~~~~~~~~~~~~~~~~~~~~~~~~~~~~~~~~~~[m[K
[10.610s] [01m[K/usr/include/eigen3/Eigen/src/Core/util/StaticAssert.h:177:5:[m[K [01;36m[Knote: [m[Kâ€˜[01m[K(((((int)Eigen::internal::size_of_xpr_at_compile_time<Eigen::Block<Eigen::Matrix<double, 4, 4>, 3, 3, false> >::ret) == 0) && (((int)Eigen::internal::size_of_xpr_at_compile_time<Eigen::Matrix<double, 4, 4> >::ret) == 0)) || ((((((int)Eigen::Block<Eigen::Matrix<double, 4, 4>, 3, 3, false>::RowsAtCompileTime) == ((int)Eigen::Dynamic)) || (((int)Eigen::Matrix<double, 4, 4>::RowsAtCompileTime) == ((int)Eigen::Dynamic))) || (((int)Eigen::Block<Eigen::Matrix<double, 4, 4>, 3, 3, false>::RowsAtCompileTime) == ((int)Eigen::Matrix<double, 4, 4>::RowsAtCompileTime))) && (((((int)Eigen::Block<Eigen::Matrix<double, 4, 4>, 3, 3, false>::ColsAtCompileTime) == ((int)Eigen::Dynamic)) || (((int)Eigen::Matrix<double, 4, 4>::ColsAtCompileTime) == ((int)Eigen::Dynamic))) || (((int)Eigen::Block<Eigen::Matrix<double, 4, 4>, 3, 3, false>::ColsAtCompileTime) == ((int)Eigen::Matrix<double, 4, 4>::ColsAtCompileTime)))))[m[Kâ€™ evaluates to false
[10.610s]   175 |      [01;36m[K( \[m[K
[10.611s]       |      [01;36m[K~~~[m[K
[10.611s]   176 | [01;36m[K        (int(Eigen::internal::size_of_xpr_at_compile_time<TYPE0>::ret)==0 && int(Eigen::internal::size_of_xpr_at_compile_time<TYPE1>::ret)==0) \[m[K
[10.611s]       |         [01;36m[K~~~~~~~~~~~~~~~~~~~~~~~~~~~~~~~~~~~~~~~~~~~~~~~~~~~~~~~~~~~~~~~~~~~~~~~~~~~~~~~~~~~~~~~~~~~~~~~~~~~~~~~~~~~~~~~~~~~~~~~~~~~~~~~~~~~~~~~~[m[K
[10.611s]   177 | [01;36m[K    || (\[m[K
[10.611s]       |     [01;36m[K^~~~~[m[K
[10.611s]   178 | [01;36m[K          (int(TYPE0::RowsAtCompileTime)==Eigen::Dynamic \[m[K
[10.612s]       |           [01;36m[K~~~~~~~~~~~~~~~~~~~~~~~~~~~~~~~~~~~~~~~~~~~~~~~~[m[K
[10.612s]   179 | [01;36m[K        || int(TYPE1::RowsAtCompileTime)==Eigen::Dynamic \[m[K
[10.612s]       |         [01;36m[K~~~~~~~~~~~~~~~~~~~~~~~~~~~~~~~~~~~~~~~~~~~~~~~~~~[m[K
[10.612s]   180 | [01;36m[K        || int(TYPE0::RowsAtCompileTime)==int(TYPE1::RowsAtCompileTime)) \[m[K
[10.612s]       |         [01;36m[K~~~~~~~~~~~~~~~~~~~~~~~~~~~~~~~~~~~~~~~~~~~~~~~~~~~~~~~~~~~~~~~~~~[m[K
[10.612s]   181 | [01;36m[K      &&  (int(TYPE0::ColsAtCompileTime)==Eigen::Dynamic \[m[K
[10.613s]       |       [01;36m[K~~~~~~~~~~~~~~~~~~~~~~~~~~~~~~~~~~~~~~~~~~~~~~~~~~~~[m[K
[10.613s]   182 | [01;36m[K        || int(TYPE1::ColsAtCompileTime)==Eigen::Dynamic \[m[K
[10.613s]       |         [01;36m[K~~~~~~~~~~~~~~~~~~~~~~~~~~~~~~~~~~~~~~~~~~~~~~~~~~[m[K
[10.613s]   183 | [01;36m[K        || int(TYPE0::ColsAtCompileTime)==int(TYPE1::ColsAtCompileTime))\[m[K
[10.613s]       |         [01;36m[K~~~~~~~~~~~~~~~~~~~~~~~~~~~~~~~~~~~~~~~~~~~~~~~~~~~~~~~~~~~~~~~~~[m[K
[10.613s]   184 | [01;36m[K       ) \[m[K
[10.614s]       |        [01;36m[K~~~[m[K
[10.614s]   185 | [01;36m[K     )[m[K
[10.614s]       |      [01;36m[K~[m[K
[10.614s] [01m[K/usr/include/eigen3/Eigen/src/Core/util/StaticAssert.h:33:54:[m[K [01;36m[Knote: [m[Kin definition of macro â€˜[01m[KEIGEN_STATIC_ASSERT[m[Kâ€™
[10.614s]    33 |     #define EIGEN_STATIC_ASSERT(X,MSG) static_assert([01;36m[KX[m[K,#MSG);
[10.614s]       |                                                      [01;36m[K^[m[K
[10.615s] [01m[K/usr/include/eigen3/Eigen/src/Core/util/StaticAssert.h:194:6:[m[K [01;36m[Knote: [m[Kin expansion of macro â€˜[01m[KEIGEN_PREDICATE_SAME_MATRIX_SIZE[m[Kâ€™
[10.615s]   194 |      [01;36m[KEIGEN_PREDICATE_SAME_MATRIX_SIZE[m[K(TYPE0,TYPE1),\
[10.615s]       |      [01;36m[K^~~~~~~~~~~~~~~~~~~~~~~~~~~~~~~~[m[K
[10.615s] [01m[K/usr/include/eigen3/Eigen/src/Core/AssignEvaluator.h:887:3:[m[K [01;36m[Knote: [m[Kin expansion of macro â€˜[01m[KEIGEN_STATIC_ASSERT_SAME_MATRIX_SIZE[m[Kâ€™
[10.615s]   887 |   [01;36m[KEIGEN_STATIC_ASSERT_SAME_MATRIX_SIZE[m[K(ActualDstTypeCleaned,Src)
[10.615s]       |   [01;36m[K^~~~~~~~~~~~~~~~~~~~~~~~~~~~~~~~~~~~[m[K
[13.794s] gmake[2]: *** [CMakeFiles/race3.dir/build.make:76: CMakeFiles/race3.dir/src/race3.cpp.o] Error 1
[13.794s] gmake[1]: *** [CMakeFiles/Makefile2:140: CMakeFiles/race3.dir/all] Error 2
[13.795s] gmake: *** [Makefile:146: all] Error 2
[13.823s] Invoked command in '/home/kabir/F1_labs/src/race3/build/race3' returned '2': CMAKE_PREFIX_PATH=${CMAKE_PREFIX_PATH}:/home/kabir/F1_labs/install/f1tenth_gym_ros:/opt/ros/humble /usr/bin/cmake --build /home/kabir/F1_labs/src/race3/build/race3 -- -j8 -l8
